Build started 2/9/2015 7:22:09 PM.
     1>Project "C:\Users\Manika\Documents\GitHub\SPA\SPA\SPA\SPA.vcxproj" on node 2 (Build target(s)).
     1>ClCompile:
         C:\Program Files (x86)\Microsoft Visual Studio 14.0\VC\bin\x86_amd64\CL.exe /c /ZI /nologo /W3 /WX- /sdl /Od /D _MBCS /Gm /EHsc /RTC1 /MDd /GS /fp:precise /Zc:wchar_t /Zc:forScope /Zc:inline /Fo"x64\Debug\\" /Fd"x64\Debug\vc140.pdb" /Gd /TP /errorReport:prompt AST.cpp Checker.cpp Controller.cpp Modifies.cpp Parser.cpp PKB.cpp ProcTable.cpp QueryController.cpp QueryValidator.cpp UI.cpp Uses.cpp ValidatorMain.cpp VarTable.cpp
         VarTable.cpp
     1>c:\users\manika\documents\github\spa\spa\spa\vartable.cpp(19): warning C4267: 'initializing': conversion from 'size_t' to 'int', possible loss of data
     1>c:\users\manika\documents\github\spa\spa\spa\vartable.cpp(26): warning C4267: 'return': conversion from 'size_t' to 'int', possible loss of data
         ValidatorMain.cpp
         Uses.cpp
         UI.cpp
         QueryValidator.cpp
     1>c:\users\manika\documents\github\spa\spa\spa\queryvalidator.cpp(24): warning C4267: 'initializing': conversion from 'size_t' to 'int', possible loss of data
         QueryController.cpp
         ProcTable.cpp
     1>c:\users\manika\documents\github\spa\spa\spa\proctable.cpp(19): warning C4267: 'initializing': conversion from 'size_t' to 'int', possible loss of data
     1>c:\users\manika\documents\github\spa\spa\spa\proctable.cpp(26): warning C4267: 'return': conversion from 'size_t' to 'int', possible loss of data
         PKB.cpp
         Parser.cpp
         Modifies.cpp
         Controller.cpp
         Checker.cpp
         AST.cpp
         Generating Code...
       Link:
         C:\Program Files (x86)\Microsoft Visual Studio 14.0\VC\bin\x86_amd64\link.exe /ERRORREPORT:PROMPT /OUT:"C:\Users\Manika\Documents\GitHub\SPA\SPA\x64\Debug\SPA.exe" /INCREMENTAL /NOLOGO kernel32.lib user32.lib gdi32.lib winspool.lib comdlg32.lib advapi32.lib shell32.lib ole32.lib oleaut32.lib uuid.lib odbc32.lib odbccp32.lib /MANIFEST /MANIFESTUAC:"level='asInvoker' uiAccess='false'" /manifest:embed /Debug /PDB:"C:\Users\Manika\Documents\GitHub\SPA\SPA\x64\Debug\SPA.pdb" /TLBID:1 /DYNAMICBASE /NXCOMPAT /IMPLIB:"C:\Users\Manika\Documents\GitHub\SPA\SPA\x64\Debug\SPA.lib" /MACHINE:X64 x64\Debug\AST.obj
         x64\Debug\Checker.obj
         x64\Debug\Controller.obj
         x64\Debug\Modifies.obj
         x64\Debug\Parser.obj
         x64\Debug\PKB.obj
         x64\Debug\ProcTable.obj
         x64\Debug\QueryController.obj
         x64\Debug\QueryValidator.obj
         x64\Debug\UI.obj
         x64\Debug\Uses.obj
         x64\Debug\ValidatorMain.obj
         x64\Debug\VarTable.obj
         SPA.vcxproj -> C:\Users\Manika\Documents\GitHub\SPA\SPA\x64\Debug\SPA.exe
     1>Done Building Project "C:\Users\Manika\Documents\GitHub\SPA\SPA\SPA\SPA.vcxproj" (Build target(s)).

Build succeeded.

Time Elapsed 00:00:08.65
